request:
Array
(
)


request:
Array
(
)


request:


request:


request:


request:


request:
Array
(
)


request:
Array
(
)


request:
Array
(
)


request:
Array
(
)


request:


request:
Array
(
    [------WebKitFormBoundaryQaIb0a2Ntuwqtxvg
Content-Disposition:_form-data;_name] => "rows"

hello world!
------WebKitFormBoundaryQaIb0a2Ntuwqtxvg--

)


request:
Array
(
    [------WebKitFormBoundaryuteaNX8QBPG3aHh8
Content-Disposition:_form-data;_name] => "rows"

hello world!
------WebKitFormBoundaryuteaNX8QBPG3aHh8--

)


request:
Array
(
    [------WebKitFormBoundaryEqxLg5dPHuGtasiC
Content-Disposition:_form-data;_name] => "rows"

hello world!
------WebKitFormBoundaryEqxLg5dPHuGtasiC--

)


request:


request:


request:
Array
(
    [rows] => Array
        (
            [0] => 1
        )

)


